  [1m[35m (80.2ms)[0m  [1m[35mCREATE TABLE "schema_migrations" ("version" character varying NOT NULL PRIMARY KEY)[0m
  [1m[35m (25.3ms)[0m  [1m[35mCREATE TABLE "ar_internal_metadata" ("key" character varying NOT NULL PRIMARY KEY, "value" character varying, "created_at" timestamp NOT NULL, "updated_at" timestamp NOT NULL)[0m
  [1m[35m (3.5ms)[0m  [1m[34mSELECT pg_try_advisory_lock(858737226725295225)[0m
  [1m[35m (3.7ms)[0m  [1m[34mSELECT "schema_migrations"."version" FROM "schema_migrations" ORDER BY "schema_migrations"."version" ASC[0m
Migrating to CreateItems (20180314170406)
  [1m[35m (0.5ms)[0m  [1m[35mBEGIN[0m
  [1m[35m (42.8ms)[0m  [1m[35mCREATE TABLE "items" ("id" bigserial primary key, "serial_num" character varying, "description" character varying, "supplier" character varying, "status" character varying, "lender" character varying, "created_at" timestamp NOT NULL, "updated_at" timestamp NOT NULL)[0m
  [1m[35mSQL (3.1ms)[0m  [1m[32mINSERT INTO "schema_migrations" ("version") VALUES ($1) RETURNING "version"[0m  [["version", "20180314170406"]]
  [1m[35m (3.0ms)[0m  [1m[35mCOMMIT[0m
  [1m[36mActiveRecord::InternalMetadata Load (0.7ms)[0m  [1m[34mSELECT  "ar_internal_metadata".* FROM "ar_internal_metadata" WHERE "ar_internal_metadata"."key" = $1 LIMIT $2[0m  [["key", "environment"], ["LIMIT", 1]]
  [1m[35m (0.2ms)[0m  [1m[35mBEGIN[0m
  [1m[35mSQL (5.4ms)[0m  [1m[32mINSERT INTO "ar_internal_metadata" ("key", "value", "created_at", "updated_at") VALUES ($1, $2, $3, $4) RETURNING "key"[0m  [["key", "environment"], ["value", "development"], ["created_at", "2018-03-14 20:54:27.341166"], ["updated_at", "2018-03-14 20:54:27.341166"]]
  [1m[35m (2.8ms)[0m  [1m[35mCOMMIT[0m
  [1m[35m (0.3ms)[0m  [1m[34mSELECT pg_advisory_unlock(858737226725295225)[0m
  [1m[35m (0.5ms)[0m  [1m[34mSELECT "schema_migrations"."version" FROM "schema_migrations" ORDER BY "schema_migrations"."version" ASC[0m
Started GET "/" for 127.0.0.1 at 2018-03-14 21:00:57 +0000
  [1m[35m (1.1ms)[0m  [1m[34mSELECT "schema_migrations"."version" FROM "schema_migrations" ORDER BY "schema_migrations"."version" ASC[0m
Processing by ItemsController#index as HTML
  Rendering items/index.html.erb within layouts/application
  Rendered items/index.html.erb within layouts/application (4.1ms)
Completed 200 OK in 882ms (Views: 870.6ms | ActiveRecord: 0.0ms)


Started GET "/" for 127.0.0.1 at 2018-03-14 21:03:48 +0000
Processing by ItemsController#index as HTML
  Rendering items/index.html.erb within layouts/application
  Rendered items/index.html.erb within layouts/application (0.6ms)
Completed 200 OK in 27ms (Views: 22.5ms | ActiveRecord: 0.0ms)


Started GET "/" for 127.0.0.1 at 2018-03-14 21:06:55 +0000
Processing by ItemsController#index as HTML
  Rendering items/index.html.erb within layouts/application
  Rendered items/index.html.erb within layouts/application (0.4ms)
Completed 200 OK in 30ms (Views: 26.8ms | ActiveRecord: 0.0ms)


Started GET "/" for 127.0.0.1 at 2018-03-14 21:07:09 +0000
Processing by ItemsController#index as HTML
  Rendering items/index.html.erb within layouts/application
  Rendered items/index.html.erb within layouts/application (0.5ms)
Completed 200 OK in 25ms (Views: 21.1ms | ActiveRecord: 0.0ms)


Started GET "/" for 127.0.0.1 at 2018-03-14 21:07:52 +0000
Processing by ItemsController#index as HTML
  Rendering items/index.html.erb within layouts/application
  Rendered items/index.html.erb within layouts/application (0.6ms)
Completed 200 OK in 24ms (Views: 21.2ms | ActiveRecord: 0.0ms)


Started GET "/" for 127.0.0.1 at 2018-03-14 21:10:11 +0000
Processing by ItemsController#index as HTML
  Rendering items/index.html.erb within layouts/application
  Rendered items/index.html.erb within layouts/application (0.4ms)
Completed 200 OK in 32ms (Views: 26.1ms | ActiveRecord: 0.0ms)


Started GET "/" for 127.0.0.1 at 2018-03-14 21:10:46 +0000
Processing by ItemsController#index as HTML
  Rendering items/index.html.erb within layouts/application
  Rendered items/index.html.erb within layouts/application (0.6ms)
Completed 200 OK in 26ms (Views: 23.0ms | ActiveRecord: 0.0ms)


Started GET "/" for 127.0.0.1 at 2018-03-14 21:10:56 +0000
Processing by ItemsController#index as HTML
  Rendering items/index.html.erb within layouts/application
  Rendered items/index.html.erb within layouts/application (0.4ms)
Completed 200 OK in 28ms (Views: 23.0ms | ActiveRecord: 0.0ms)


Started GET "/" for 127.0.0.1 at 2018-03-14 21:11:14 +0000
Processing by ItemsController#index as HTML
  Rendering items/index.html.erb within layouts/application
  Rendered items/index.html.erb within layouts/application (0.5ms)
Completed 200 OK in 27ms (Views: 23.5ms | ActiveRecord: 0.0ms)


Started GET "/" for 127.0.0.1 at 2018-03-14 21:11:22 +0000
Processing by ItemsController#index as HTML
  Rendering items/index.html.erb within layouts/application
  Rendered items/index.html.erb within layouts/application (0.4ms)
Completed 200 OK in 26ms (Views: 20.8ms | ActiveRecord: 0.0ms)


Started GET "/" for 127.0.0.1 at 2018-03-14 21:13:39 +0000
Processing by ItemsController#index as HTML
  Rendering items/index.html.erb within layouts/application
  Rendered items/index.html.erb within layouts/application (0.4ms)
Completed 200 OK in 24ms (Views: 19.9ms | ActiveRecord: 0.0ms)


Started GET "/" for 127.0.0.1 at 2018-03-14 21:14:15 +0000
Processing by ItemsController#index as HTML
  Rendering items/index.html.erb within layouts/application
  Rendered items/index.html.erb within layouts/application (0.4ms)
Completed 200 OK in 25ms (Views: 21.4ms | ActiveRecord: 0.0ms)


Started GET "/" for 127.0.0.1 at 2018-03-14 21:15:02 +0000
Processing by ItemsController#index as HTML
  Rendering items/index.html.erb within layouts/application
  Rendered items/index.html.erb within layouts/application (0.4ms)
Completed 200 OK in 25ms (Views: 21.4ms | ActiveRecord: 0.0ms)


Started GET "/" for 127.0.0.1 at 2018-03-14 21:15:34 +0000
Processing by ItemsController#index as HTML
  Rendering items/index.html.erb within layouts/application
  Rendered items/index.html.erb within layouts/application (0.5ms)
Completed 200 OK in 27ms (Views: 24.1ms | ActiveRecord: 0.0ms)


Started GET "/" for 127.0.0.1 at 2018-03-14 21:16:34 +0000
Processing by ItemsController#index as HTML
  Rendering items/index.html.erb within layouts/application
  Rendered items/index.html.erb within layouts/application (0.4ms)
Completed 200 OK in 43ms (Views: 39.6ms | ActiveRecord: 0.0ms)


Started GET "/" for 127.0.0.1 at 2018-03-14 21:16:55 +0000
Processing by ItemsController#index as HTML
  Rendering items/index.html.erb within layouts/application
  Rendered items/index.html.erb within layouts/application (0.5ms)
Completed 200 OK in 57ms (Views: 53.5ms | ActiveRecord: 0.0ms)


Started GET "/" for 127.0.0.1 at 2018-03-14 21:17:10 +0000
Processing by ItemsController#index as HTML
  Rendering items/index.html.erb within layouts/application
  Rendered items/index.html.erb within layouts/application (0.5ms)
Completed 200 OK in 44ms (Views: 40.0ms | ActiveRecord: 0.0ms)


Started GET "/" for 127.0.0.1 at 2018-03-14 21:17:58 +0000
Processing by ItemsController#index as HTML
  Rendering items/index.html.erb within layouts/application
  Rendered items/index.html.erb within layouts/application (0.4ms)
Completed 200 OK in 34ms (Views: 31.3ms | ActiveRecord: 0.0ms)


Started GET "/" for 127.0.0.1 at 2018-03-14 21:18:40 +0000
Processing by ItemsController#index as HTML
  Rendering items/index.html.erb within layouts/application
  Rendered items/index.html.erb within layouts/application (0.3ms)
Completed 200 OK in 24ms (Views: 20.3ms | ActiveRecord: 0.0ms)


Started GET "/" for 127.0.0.1 at 2018-03-14 21:20:17 +0000
Processing by ItemsController#index as HTML
  Rendering items/index.html.erb within layouts/application
  Rendered items/index.html.erb within layouts/application (0.4ms)
Completed 200 OK in 23ms (Views: 19.2ms | ActiveRecord: 0.0ms)


Started GET "/" for 127.0.0.1 at 2018-03-14 21:21:32 +0000
Processing by ItemsController#index as HTML
  Rendering items/index.html.erb within layouts/application
  Rendered items/index.html.erb within layouts/application (0.4ms)
Completed 200 OK in 23ms (Views: 20.3ms | ActiveRecord: 0.0ms)


Started GET "/" for 127.0.0.1 at 2018-03-14 21:22:38 +0000
Processing by ItemsController#index as HTML
  Rendering items/index.html.erb within layouts/application
  Rendered items/index.html.erb within layouts/application (0.4ms)
Completed 200 OK in 23ms (Views: 19.3ms | ActiveRecord: 0.0ms)


Started GET "/" for 127.0.0.1 at 2018-03-14 21:22:39 +0000
Processing by ItemsController#index as HTML
  Rendering items/index.html.erb within layouts/application
  Rendered items/index.html.erb within layouts/application (0.5ms)
Completed 200 OK in 24ms (Views: 20.7ms | ActiveRecord: 0.0ms)


Started GET "/" for 127.0.0.1 at 2018-03-14 21:33:55 +0000
  [1m[35m (1.0ms)[0m  [1m[34mSELECT "schema_migrations"."version" FROM "schema_migrations" ORDER BY "schema_migrations"."version" ASC[0m
Processing by ItemsController#index as HTML
Completed 500 Internal Server Error in 10ms (ActiveRecord: 0.0ms)


  
NameError (uninitialized constant ItemsController::Items):
  
app/controllers/items_controller.rb:4:in `index'
Started GET "/" for 127.0.0.1 at 2018-03-14 21:34:28 +0000
Processing by ItemsController#index as HTML
  Rendering items/index.html.erb within layouts/application
  Rendered items/index.html.erb within layouts/application (0.6ms)
Completed 200 OK in 234ms (Views: 228.4ms | ActiveRecord: 0.0ms)


Started GET "/" for 127.0.0.1 at 2018-03-14 22:08:30 +0000
Processing by ItemsController#index as HTML
  Rendering items/index.html.erb within layouts/application
  Rendered items/index.html.erb within layouts/application (0.6ms)
Completed 200 OK in 87ms (Views: 74.0ms | ActiveRecord: 0.0ms)


Started GET "/items" for 127.0.0.1 at 2018-03-14 22:08:35 +0000
Processing by ItemsController#index as HTML
  Rendering items/index.html.erb within layouts/application
  Rendered items/index.html.erb within layouts/application (0.5ms)
Completed 200 OK in 35ms (Views: 34.2ms | ActiveRecord: 0.0ms)


Started GET "/items" for 127.0.0.1 at 2018-03-14 22:09:15 +0000
Processing by ItemsController#index as HTML
  Rendering items/index.html.erb within layouts/application
  Rendered items/index.html.erb within layouts/application (0.4ms)
Completed 200 OK in 29ms (Views: 23.4ms | ActiveRecord: 0.0ms)


Started GET "/items" for 127.0.0.1 at 2018-03-14 22:09:16 +0000
Processing by ItemsController#index as HTML
  Rendering items/index.html.erb within layouts/application
  Rendered items/index.html.erb within layouts/application (0.6ms)
Completed 200 OK in 37ms (Views: 35.8ms | ActiveRecord: 0.0ms)


Started GET "/items" for 127.0.0.1 at 2018-03-14 22:09:20 +0000
Processing by ItemsController#index as HTML
  Rendering items/index.html.erb within layouts/application
  Rendered items/index.html.erb within layouts/application (1.1ms)
Completed 200 OK in 40ms (Views: 39.5ms | ActiveRecord: 0.0ms)


Started GET "/items/new" for 127.0.0.1 at 2018-03-14 22:10:08 +0000
  [1m[35m (7.6ms)[0m  [1m[34mSELECT "schema_migrations"."version" FROM "schema_migrations" ORDER BY "schema_migrations"."version" ASC[0m
Processing by ItemsController#new as HTML
  Rendering items/new.html.erb within layouts/application
  Rendered items/new.html.erb within layouts/application (3.1ms)
Completed 200 OK in 409ms (Views: 379.8ms | ActiveRecord: 7.1ms)


Started GET "/items/new" for 127.0.0.1 at 2018-03-14 22:11:08 +0000
Processing by ItemsController#new as HTML
  Rendering items/new.html.erb within layouts/application
  Rendered items/_form.html.erb (69.8ms)
  Rendered items/new.html.erb within layouts/application (76.7ms)
Completed 500 Internal Server Error in 87ms (ActiveRecord: 0.0ms)


  
ActionView::Template::Error (undefined method `serial_number' for #<Item:0x007fdade5378f0>
Did you mean?  serial_num
               serial_num=
               serial_num?
               serial_num_was):
    11:             <%= form_for(@item) do |f| %>
    12:                 <p>
    13:                 <%= f.label :serial_number%><br>
    14:                 <%= f.text_field :serial_number %>
    15:                 </p>
    16: 
    17:                 <p>
  
app/views/items/_form.html.erb:14:in `block in _app_views_items__form_html_erb___41031358323052800_70288992600800'
app/views/items/_form.html.erb:11:in `_app_views_items__form_html_erb___41031358323052800_70288992600800'
app/views/items/new.html.erb:9:in `_app_views_items_new_html_erb__3170594572996012763_70289004801500'
app/controllers/items_controller.rb:12:in `new'
Started GET "/items/new" for 127.0.0.1 at 2018-03-14 22:11:47 +0000
Processing by ItemsController#new as HTML
  Rendering items/new.html.erb within layouts/application
  Rendered items/_form.html.erb (10.7ms)
  Rendered items/new.html.erb within layouts/application (13.7ms)
Completed 500 Internal Server Error in 23ms (ActiveRecord: 0.0ms)


  
ActionView::Template::Error (undefined method `serial_nu' for #<Item:0x007fdadaa188f0>
Did you mean?  serial_num
               serial_num=
               serial_num?):
    11:             <%= form_for(@item) do |f| %>
    12:                 <p>
    13:                 <%= f.label :serial_num %><br>
    14:                 <%= f.text_field :serial_nu %>
    15:                 </p>
    16: 
    17:                 <p>
  
app/views/items/_form.html.erb:14:in `block in _app_views_items__form_html_erb___41031358323052800_70288973766420'
app/views/items/_form.html.erb:11:in `_app_views_items__form_html_erb___41031358323052800_70288973766420'
app/views/items/new.html.erb:9:in `_app_views_items_new_html_erb__3170594572996012763_70288973796900'
app/controllers/items_controller.rb:12:in `new'
Started GET "/items/new" for 127.0.0.1 at 2018-03-14 22:11:56 +0000
Processing by ItemsController#new as HTML
  Rendering items/new.html.erb within layouts/application
  Rendered items/_form.html.erb (11.0ms)
  Rendered items/new.html.erb within layouts/application (14.3ms)
Completed 500 Internal Server Error in 25ms (ActiveRecord: 0.0ms)


  
ActionView::Template::Error (undefined method `suppiler' for #<Item:0x007fdadf5a8e28>
Did you mean?  supplier):
    21: 
    22:                 <p>
    23:                 <%= f.label :suppiler %><br>
    24:                 <%= f.text_field :suppiler %>
    25:                 </p>
    26: 
    27:                 <p>
  
app/views/items/_form.html.erb:24:in `block in _app_views_items__form_html_erb___41031358323052800_70289013382320'
app/views/items/_form.html.erb:11:in `_app_views_items__form_html_erb___41031358323052800_70289013382320'
app/views/items/new.html.erb:9:in `_app_views_items_new_html_erb__3170594572996012763_70289013413660'
app/controllers/items_controller.rb:12:in `new'
Started GET "/items/new" for 127.0.0.1 at 2018-03-14 22:12:19 +0000
Processing by ItemsController#new as HTML
  Rendering items/new.html.erb within layouts/application
  Rendered items/_form.html.erb (249.0ms)
  Rendered items/new.html.erb within layouts/application (252.2ms)
Completed 500 Internal Server Error in 262ms (ActiveRecord: 0.0ms)


  
ActionView::Template::Error (undefined local variable or method `lier' for #<#<Class:0x007fdad9729fc8>:0x007fdade777930>):
    20:                 </p>
    21: 
    22:                 <p>
    23:                 <%= f.label supp:lier %><br>
    24:                 <%= f.text_field :supplier %>
    25:                 </p>
    26: 
  
app/views/items/_form.html.erb:23:in `block in _app_views_items__form_html_erb___41031358323052800_70289005950780'
app/views/items/_form.html.erb:11:in `_app_views_items__form_html_erb___41031358323052800_70289005950780'
app/views/items/new.html.erb:9:in `_app_views_items_new_html_erb__3170594572996012763_70289005982100'
app/controllers/items_controller.rb:12:in `new'
Started GET "/items/new" for 127.0.0.1 at 2018-03-14 22:12:22 +0000
Processing by ItemsController#new as HTML
  Rendering items/new.html.erb within layouts/application
  Rendered items/_form.html.erb (236.1ms)
  Rendered items/new.html.erb within layouts/application (239.2ms)
Completed 500 Internal Server Error in 248ms (ActiveRecord: 0.0ms)


  
ActionView::Template::Error (undefined local variable or method `lier' for #<#<Class:0x007fdad9729fc8>:0x007fdadab22c00>):
    20:                 </p>
    21: 
    22:                 <p>
    23:                 <%= f.label supp:lier %><br>
    24:                 <%= f.text_field :supplier %>
    25:                 </p>
    26: 
  
app/views/items/_form.html.erb:23:in `block in _app_views_items__form_html_erb___41031358323052800_70288974320900'
app/views/items/_form.html.erb:11:in `_app_views_items__form_html_erb___41031358323052800_70288974320900'
app/views/items/new.html.erb:9:in `_app_views_items_new_html_erb__3170594572996012763_70288974351400'
app/controllers/items_controller.rb:12:in `new'
Started GET "/items/new" for 127.0.0.1 at 2018-03-14 22:12:31 +0000
Processing by ItemsController#new as HTML
  Rendering items/new.html.erb within layouts/application
  Rendered items/_form.html.erb (7.1ms)
  Rendered items/new.html.erb within layouts/application (12.4ms)
Completed 200 OK in 45ms (Views: 43.7ms | ActiveRecord: 0.0ms)


Started POST "/items" for 127.0.0.1 at 2018-03-14 22:13:22 +0000
  
AbstractController::ActionNotFound (The action 'create' could not be found for ItemsController):
  
actionpack (5.1.5) lib/abstract_controller/base.rb:119:in `process'
actionview (5.1.5) lib/action_view/rendering.rb:30:in `process'
actionpack (5.1.5) lib/action_controller/metal.rb:189:in `dispatch'
actionpack (5.1.5) lib/action_controller/metal.rb:253:in `dispatch'
actionpack (5.1.5) lib/action_dispatch/routing/route_set.rb:49:in `dispatch'
actionpack (5.1.5) lib/action_dispatch/routing/route_set.rb:31:in `serve'
actionpack (5.1.5) lib/action_dispatch/journey/router.rb:50:in `block in serve'
actionpack (5.1.5) lib/action_dispatch/journey/router.rb:33:in `each'
actionpack (5.1.5) lib/action_dispatch/journey/router.rb:33:in `serve'
actionpack (5.1.5) lib/action_dispatch/routing/route_set.rb:844:in `call'
rack (2.0.4) lib/rack/etag.rb:25:in `call'
rack (2.0.4) lib/rack/conditional_get.rb:38:in `call'
rack (2.0.4) lib/rack/head.rb:12:in `call'
rack (2.0.4) lib/rack/session/abstract/id.rb:232:in `context'
rack (2.0.4) lib/rack/session/abstract/id.rb:226:in `call'
actionpack (5.1.5) lib/action_dispatch/middleware/cookies.rb:613:in `call'
activerecord (5.1.5) lib/active_record/migration.rb:556:in `call'
actionpack (5.1.5) lib/action_dispatch/middleware/callbacks.rb:26:in `block in call'
activesupport (5.1.5) lib/active_support/callbacks.rb:97:in `run_callbacks'
actionpack (5.1.5) lib/action_dispatch/middleware/callbacks.rb:24:in `call'
actionpack (5.1.5) lib/action_dispatch/middleware/executor.rb:12:in `call'
actionpack (5.1.5) lib/action_dispatch/middleware/debug_exceptions.rb:59:in `call'
web-console (3.5.1) lib/web_console/middleware.rb:135:in `call_app'
web-console (3.5.1) lib/web_console/middleware.rb:28:in `block in call'
web-console (3.5.1) lib/web_console/middleware.rb:18:in `catch'
web-console (3.5.1) lib/web_console/middleware.rb:18:in `call'
actionpack (5.1.5) lib/action_dispatch/middleware/show_exceptions.rb:31:in `call'
railties (5.1.5) lib/rails/rack/logger.rb:36:in `call_app'
railties (5.1.5) lib/rails/rack/logger.rb:24:in `block in call'
activesupport (5.1.5) lib/active_support/tagged_logging.rb:69:in `block in tagged'
activesupport (5.1.5) lib/active_support/tagged_logging.rb:26:in `tagged'
activesupport (5.1.5) lib/active_support/tagged_logging.rb:69:in `tagged'
railties (5.1.5) lib/rails/rack/logger.rb:24:in `call'
sprockets-rails (3.2.1) lib/sprockets/rails/quiet_assets.rb:13:in `call'
actionpack (5.1.5) lib/action_dispatch/middleware/remote_ip.rb:79:in `call'
actionpack (5.1.5) lib/action_dispatch/middleware/request_id.rb:25:in `call'
rack (2.0.4) lib/rack/method_override.rb:22:in `call'
rack (2.0.4) lib/rack/runtime.rb:22:in `call'
activesupport (5.1.5) lib/active_support/cache/strategy/local_cache_middleware.rb:27:in `call'
actionpack (5.1.5) lib/action_dispatch/middleware/executor.rb:12:in `call'
actionpack (5.1.5) lib/action_dispatch/middleware/static.rb:125:in `call'
rack (2.0.4) lib/rack/sendfile.rb:111:in `call'
railties (5.1.5) lib/rails/engine.rb:522:in `call'
puma (3.11.3) lib/puma/configuration.rb:225:in `call'
puma (3.11.3) lib/puma/server.rb:624:in `handle_request'
puma (3.11.3) lib/puma/server.rb:438:in `process_client'
puma (3.11.3) lib/puma/server.rb:302:in `block in run'
puma (3.11.3) lib/puma/thread_pool.rb:120:in `block in spawn_thread'
Started GET "/items/new" for 127.0.0.1 at 2018-03-14 22:13:40 +0000
Processing by ItemsController#new as HTML
  Rendering items/new.html.erb within layouts/application
  Rendered items/_form.html.erb (3.5ms)
  Rendered items/new.html.erb within layouts/application (7.3ms)
Completed 200 OK in 32ms (Views: 31.4ms | ActiveRecord: 0.0ms)


Started GET "/items/new" for 127.0.0.1 at 2018-03-14 22:13:50 +0000
Processing by ItemsController#new as HTML
  Rendering items/new.html.erb within layouts/application
  Rendered items/_form.html.erb (2.7ms)
  Rendered items/new.html.erb within layouts/application (7.8ms)
Completed 200 OK in 32ms (Views: 31.8ms | ActiveRecord: 0.0ms)


Started GET "/items/new" for 127.0.0.1 at 2018-03-14 22:14:36 +0000
Processing by ItemsController#new as HTML
  Rendering items/new.html.erb within layouts/application
  Rendered items/_form.html.erb (2.5ms)
  Rendered items/new.html.erb within layouts/application (5.5ms)
Completed 200 OK in 25ms (Views: 24.6ms | ActiveRecord: 0.0ms)


Started GET "/items" for 127.0.0.1 at 2018-03-14 22:18:31 +0000
Processing by ItemsController#index as HTML
  Rendering items/index.html.erb within layouts/application
  Rendered items/index.html.erb within layouts/application (1.2ms)
Completed 500 Internal Server Error in 11ms (ActiveRecord: 0.0ms)


  
SyntaxError (/Users/tech-a25/Engr7/Week_5/Day_3/Ruby_rails_items_homework/item_inventory/app/views/items/index.html.erb:42: syntax error, unexpected keyword_ensure, expecting keyword_end
          ensure
                ^):
  
app/views/items/index.html.erb:42: syntax error, unexpected keyword_ensure, expecting keyword_end
app/controllers/items_controller.rb:6:in `index'
Started GET "/" for 127.0.0.1 at 2018-03-14 22:18:39 +0000
Processing by ItemsController#index as HTML
  Rendering items/index.html.erb within layouts/application
  Rendered items/index.html.erb within layouts/application (0.9ms)
Completed 500 Internal Server Error in 10ms (ActiveRecord: 0.0ms)


  
SyntaxError (/Users/tech-a25/Engr7/Week_5/Day_3/Ruby_rails_items_homework/item_inventory/app/views/items/index.html.erb:42: syntax error, unexpected keyword_ensure, expecting keyword_end
          ensure
                ^):
  
app/views/items/index.html.erb:42: syntax error, unexpected keyword_ensure, expecting keyword_end
app/controllers/items_controller.rb:6:in `index'
Started GET "/" for 127.0.0.1 at 2018-03-14 22:19:46 +0000
Processing by ItemsController#index as HTML
  Rendering items/index.html.erb within layouts/application
  Rendered items/index.html.erb within layouts/application (1.0ms)
Completed 500 Internal Server Error in 11ms (ActiveRecord: 0.0ms)


  
SyntaxError (/Users/tech-a25/Engr7/Week_5/Day_3/Ruby_rails_items_homework/item_inventory/app/views/items/index.html.erb:42: syntax error, unexpected keyword_ensure, expecting keyword_end
          ensure
                ^):
  
app/views/items/index.html.erb:42: syntax error, unexpected keyword_ensure, expecting keyword_end
app/controllers/items_controller.rb:6:in `index'
Started GET "/" for 127.0.0.1 at 2018-03-14 22:20:02 +0000
Processing by ItemsController#index as HTML
  Rendering items/index.html.erb within layouts/application
  [1m[36mItem Load (3.1ms)[0m  [1m[34mSELECT "items".* FROM "items"[0m
  Rendered items/index.html.erb within layouts/application (4.8ms)
Completed 200 OK in 26ms (Views: 22.6ms | ActiveRecord: 3.1ms)


Started GET "/items/new" for 127.0.0.1 at 2018-03-14 22:20:42 +0000
Processing by ItemsController#new as HTML
  Rendering items/new.html.erb within layouts/application
  Rendered items/_form.html.erb (2.9ms)
  Rendered items/new.html.erb within layouts/application (6.4ms)
Completed 200 OK in 33ms (Views: 31.7ms | ActiveRecord: 0.0ms)


Started POST "/items" for 127.0.0.1 at 2018-03-14 22:21:05 +0000
  
AbstractController::ActionNotFound (The action 'create' could not be found for ItemsController):
  
actionpack (5.1.5) lib/abstract_controller/base.rb:119:in `process'
actionview (5.1.5) lib/action_view/rendering.rb:30:in `process'
actionpack (5.1.5) lib/action_controller/metal.rb:189:in `dispatch'
actionpack (5.1.5) lib/action_controller/metal.rb:253:in `dispatch'
actionpack (5.1.5) lib/action_dispatch/routing/route_set.rb:49:in `dispatch'
actionpack (5.1.5) lib/action_dispatch/routing/route_set.rb:31:in `serve'
actionpack (5.1.5) lib/action_dispatch/journey/router.rb:50:in `block in serve'
actionpack (5.1.5) lib/action_dispatch/journey/router.rb:33:in `each'
actionpack (5.1.5) lib/action_dispatch/journey/router.rb:33:in `serve'
actionpack (5.1.5) lib/action_dispatch/routing/route_set.rb:844:in `call'
rack (2.0.4) lib/rack/etag.rb:25:in `call'
rack (2.0.4) lib/rack/conditional_get.rb:38:in `call'
rack (2.0.4) lib/rack/head.rb:12:in `call'
rack (2.0.4) lib/rack/session/abstract/id.rb:232:in `context'
rack (2.0.4) lib/rack/session/abstract/id.rb:226:in `call'
actionpack (5.1.5) lib/action_dispatch/middleware/cookies.rb:613:in `call'
activerecord (5.1.5) lib/active_record/migration.rb:556:in `call'
actionpack (5.1.5) lib/action_dispatch/middleware/callbacks.rb:26:in `block in call'
activesupport (5.1.5) lib/active_support/callbacks.rb:97:in `run_callbacks'
actionpack (5.1.5) lib/action_dispatch/middleware/callbacks.rb:24:in `call'
actionpack (5.1.5) lib/action_dispatch/middleware/executor.rb:12:in `call'
actionpack (5.1.5) lib/action_dispatch/middleware/debug_exceptions.rb:59:in `call'
web-console (3.5.1) lib/web_console/middleware.rb:135:in `call_app'
web-console (3.5.1) lib/web_console/middleware.rb:28:in `block in call'
web-console (3.5.1) lib/web_console/middleware.rb:18:in `catch'
web-console (3.5.1) lib/web_console/middleware.rb:18:in `call'
actionpack (5.1.5) lib/action_dispatch/middleware/show_exceptions.rb:31:in `call'
railties (5.1.5) lib/rails/rack/logger.rb:36:in `call_app'
railties (5.1.5) lib/rails/rack/logger.rb:24:in `block in call'
activesupport (5.1.5) lib/active_support/tagged_logging.rb:69:in `block in tagged'
activesupport (5.1.5) lib/active_support/tagged_logging.rb:26:in `tagged'
activesupport (5.1.5) lib/active_support/tagged_logging.rb:69:in `tagged'
railties (5.1.5) lib/rails/rack/logger.rb:24:in `call'
sprockets-rails (3.2.1) lib/sprockets/rails/quiet_assets.rb:13:in `call'
actionpack (5.1.5) lib/action_dispatch/middleware/remote_ip.rb:79:in `call'
actionpack (5.1.5) lib/action_dispatch/middleware/request_id.rb:25:in `call'
rack (2.0.4) lib/rack/method_override.rb:22:in `call'
rack (2.0.4) lib/rack/runtime.rb:22:in `call'
activesupport (5.1.5) lib/active_support/cache/strategy/local_cache_middleware.rb:27:in `call'
actionpack (5.1.5) lib/action_dispatch/middleware/executor.rb:12:in `call'
actionpack (5.1.5) lib/action_dispatch/middleware/static.rb:125:in `call'
rack (2.0.4) lib/rack/sendfile.rb:111:in `call'
railties (5.1.5) lib/rails/engine.rb:522:in `call'
puma (3.11.3) lib/puma/configuration.rb:225:in `call'
puma (3.11.3) lib/puma/server.rb:624:in `handle_request'
puma (3.11.3) lib/puma/server.rb:438:in `process_client'
puma (3.11.3) lib/puma/server.rb:302:in `block in run'
puma (3.11.3) lib/puma/thread_pool.rb:120:in `block in spawn_thread'
Started GET "/" for 127.0.0.1 at 2018-03-14 22:21:12 +0000
Processing by ItemsController#index as HTML
  Rendering items/index.html.erb within layouts/application
  [1m[36mItem Load (0.3ms)[0m  [1m[34mSELECT "items".* FROM "items"[0m
  Rendered items/index.html.erb within layouts/application (1.8ms)
Completed 200 OK in 26ms (Views: 24.9ms | ActiveRecord: 0.3ms)


Started GET "/" for 127.0.0.1 at 2018-03-14 22:23:49 +0000
  [1m[35m (1.3ms)[0m  [1m[34mSELECT "schema_migrations"."version" FROM "schema_migrations" ORDER BY "schema_migrations"."version" ASC[0m
Processing by ItemsController#index as HTML
  Rendering items/index.html.erb within layouts/application
  [1m[36mItem Load (1.1ms)[0m  [1m[34mSELECT "items".* FROM "items"[0m
  Rendered items/index.html.erb within layouts/application (6.8ms)
Completed 200 OK in 261ms (Views: 244.3ms | ActiveRecord: 3.7ms)


Started GET "/items" for 127.0.0.1 at 2018-03-14 22:23:51 +0000
Processing by ItemsController#index as HTML
  Rendering items/index.html.erb within layouts/application
  [1m[36mItem Load (1.2ms)[0m  [1m[34mSELECT "items".* FROM "items"[0m
  Rendered items/index.html.erb within layouts/application (30.9ms)
Completed 200 OK in 65ms (Views: 47.8ms | ActiveRecord: 16.0ms)


Started GET "/items" for 127.0.0.1 at 2018-03-14 22:24:36 +0000
  
Started GET "/" for 127.0.0.1 at 2018-03-14 22:24:46 +0000
ArgumentError (Missing :controller key on routes definition, please check your routes.):
  
config/routes.rb:7:in `block in <top (required)>'
config/routes.rb:1:in `<top (required)>'
Processing by ItemsController#index as HTML
  Rendering items/index.html.erb within layouts/application
  [1m[36mItem Load (0.4ms)[0m  [1m[34mSELECT "items".* FROM "items"[0m
  Rendered items/index.html.erb within layouts/application (2.5ms)
Completed 200 OK in 35ms (Views: 30.1ms | ActiveRecord: 0.4ms)


Started GET "/items" for 127.0.0.1 at 2018-03-14 22:24:49 +0000
Processing by ItemsController#index as HTML
  Rendering items/index.html.erb within layouts/application
  [1m[36mItem Load (0.6ms)[0m  [1m[34mSELECT "items".* FROM "items"[0m
  Rendered items/index.html.erb within layouts/application (2.7ms)
Completed 200 OK in 36ms (Views: 34.8ms | ActiveRecord: 0.6ms)


Started GET "/items" for 127.0.0.1 at 2018-03-14 22:25:07 +0000
Processing by ItemsController#index as HTML
  Rendering items/index.html.erb within layouts/application
  [1m[36mItem Load (0.4ms)[0m  [1m[34mSELECT "items".* FROM "items"[0m
  Rendered items/index.html.erb within layouts/application (1.8ms)
Completed 200 OK in 25ms (Views: 24.2ms | ActiveRecord: 0.4ms)


Started GET "/items/new" for 127.0.0.1 at 2018-03-14 22:25:10 +0000
Processing by ItemsController#new as HTML
  Rendering items/new.html.erb within layouts/application
  Rendered items/_form.html.erb (12.7ms)
  Rendered items/new.html.erb within layouts/application (17.7ms)
Completed 200 OK in 68ms (Views: 38.9ms | ActiveRecord: 16.8ms)


Started GET "/" for 127.0.0.1 at 2018-03-15 09:11:11 +0000
  [1m[35m (4.1ms)[0m  [1m[34mSELECT "schema_migrations"."version" FROM "schema_migrations" ORDER BY "schema_migrations"."version" ASC[0m
Processing by ItemsController#index as HTML
  Rendering items/index.html.erb within layouts/application
  [1m[36mItem Load (3.7ms)[0m  [1m[34mSELECT "items".* FROM "items"[0m
  Rendered items/index.html.erb within layouts/application (31.5ms)
Completed 200 OK in 500ms (Views: 455.6ms | ActiveRecord: 23.1ms)


Started GET "/items/new" for 127.0.0.1 at 2018-03-15 09:11:16 +0000
Processing by ItemsController#new as HTML
  Rendering items/new.html.erb within layouts/application
  Rendered items/_form.html.erb (52.5ms)
  Rendered items/new.html.erb within layouts/application (58.1ms)
Completed 200 OK in 138ms (Views: 88.8ms | ActiveRecord: 17.1ms)


Started POST "/items" for 127.0.0.1 at 2018-03-15 09:11:36 +0000
  
AbstractController::ActionNotFound (The action 'create' could not be found for ItemsController):
  
actionpack (5.1.5) lib/abstract_controller/base.rb:119:in `process'
actionview (5.1.5) lib/action_view/rendering.rb:30:in `process'
actionpack (5.1.5) lib/action_controller/metal.rb:189:in `dispatch'
actionpack (5.1.5) lib/action_controller/metal.rb:253:in `dispatch'
actionpack (5.1.5) lib/action_dispatch/routing/route_set.rb:49:in `dispatch'
actionpack (5.1.5) lib/action_dispatch/routing/route_set.rb:31:in `serve'
actionpack (5.1.5) lib/action_dispatch/journey/router.rb:50:in `block in serve'
actionpack (5.1.5) lib/action_dispatch/journey/router.rb:33:in `each'
actionpack (5.1.5) lib/action_dispatch/journey/router.rb:33:in `serve'
actionpack (5.1.5) lib/action_dispatch/routing/route_set.rb:844:in `call'
rack (2.0.4) lib/rack/etag.rb:25:in `call'
rack (2.0.4) lib/rack/conditional_get.rb:38:in `call'
rack (2.0.4) lib/rack/head.rb:12:in `call'
rack (2.0.4) lib/rack/session/abstract/id.rb:232:in `context'
rack (2.0.4) lib/rack/session/abstract/id.rb:226:in `call'
actionpack (5.1.5) lib/action_dispatch/middleware/cookies.rb:613:in `call'
activerecord (5.1.5) lib/active_record/migration.rb:556:in `call'
actionpack (5.1.5) lib/action_dispatch/middleware/callbacks.rb:26:in `block in call'
activesupport (5.1.5) lib/active_support/callbacks.rb:97:in `run_callbacks'
actionpack (5.1.5) lib/action_dispatch/middleware/callbacks.rb:24:in `call'
actionpack (5.1.5) lib/action_dispatch/middleware/executor.rb:12:in `call'
actionpack (5.1.5) lib/action_dispatch/middleware/debug_exceptions.rb:59:in `call'
web-console (3.5.1) lib/web_console/middleware.rb:135:in `call_app'
web-console (3.5.1) lib/web_console/middleware.rb:28:in `block in call'
web-console (3.5.1) lib/web_console/middleware.rb:18:in `catch'
web-console (3.5.1) lib/web_console/middleware.rb:18:in `call'
actionpack (5.1.5) lib/action_dispatch/middleware/show_exceptions.rb:31:in `call'
railties (5.1.5) lib/rails/rack/logger.rb:36:in `call_app'
railties (5.1.5) lib/rails/rack/logger.rb:24:in `block in call'
activesupport (5.1.5) lib/active_support/tagged_logging.rb:69:in `block in tagged'
activesupport (5.1.5) lib/active_support/tagged_logging.rb:26:in `tagged'
activesupport (5.1.5) lib/active_support/tagged_logging.rb:69:in `tagged'
railties (5.1.5) lib/rails/rack/logger.rb:24:in `call'
sprockets-rails (3.2.1) lib/sprockets/rails/quiet_assets.rb:13:in `call'
actionpack (5.1.5) lib/action_dispatch/middleware/remote_ip.rb:79:in `call'
actionpack (5.1.5) lib/action_dispatch/middleware/request_id.rb:25:in `call'
rack (2.0.4) lib/rack/method_override.rb:22:in `call'
rack (2.0.4) lib/rack/runtime.rb:22:in `call'
activesupport (5.1.5) lib/active_support/cache/strategy/local_cache_middleware.rb:27:in `call'
actionpack (5.1.5) lib/action_dispatch/middleware/executor.rb:12:in `call'
actionpack (5.1.5) lib/action_dispatch/middleware/static.rb:125:in `call'
rack (2.0.4) lib/rack/sendfile.rb:111:in `call'
railties (5.1.5) lib/rails/engine.rb:522:in `call'
puma (3.11.3) lib/puma/configuration.rb:225:in `call'
puma (3.11.3) lib/puma/server.rb:624:in `handle_request'
puma (3.11.3) lib/puma/server.rb:438:in `process_client'
puma (3.11.3) lib/puma/server.rb:302:in `block in run'
puma (3.11.3) lib/puma/thread_pool.rb:120:in `block in spawn_thread'
Started GET "/" for 127.0.0.1 at 2018-03-15 09:12:23 +0000
Processing by ItemsController#index as HTML
  Rendering items/index.html.erb within layouts/application
  [1m[36mItem Load (1.4ms)[0m  [1m[34mSELECT "items".* FROM "items"[0m
  Rendered items/index.html.erb within layouts/application (8.7ms)
Completed 200 OK in 45ms (Views: 42.9ms | ActiveRecord: 1.4ms)


Started GET "/items/new" for 127.0.0.1 at 2018-03-15 09:13:43 +0000
Processing by ItemsController#new as HTML
  Rendering items/new.html.erb within layouts/application
  Rendered items/_form.html.erb (3.0ms)
  Rendered items/new.html.erb within layouts/application (8.5ms)
Completed 200 OK in 64ms (Views: 60.7ms | ActiveRecord: 0.0ms)


Started POST "/items" for 127.0.0.1 at 2018-03-15 09:13:51 +0000
  
AbstractController::ActionNotFound (The action 'create' could not be found for ItemsController):
  
actionpack (5.1.5) lib/abstract_controller/base.rb:119:in `process'
actionview (5.1.5) lib/action_view/rendering.rb:30:in `process'
actionpack (5.1.5) lib/action_controller/metal.rb:189:in `dispatch'
actionpack (5.1.5) lib/action_controller/metal.rb:253:in `dispatch'
actionpack (5.1.5) lib/action_dispatch/routing/route_set.rb:49:in `dispatch'
actionpack (5.1.5) lib/action_dispatch/routing/route_set.rb:31:in `serve'
actionpack (5.1.5) lib/action_dispatch/journey/router.rb:50:in `block in serve'
actionpack (5.1.5) lib/action_dispatch/journey/router.rb:33:in `each'
actionpack (5.1.5) lib/action_dispatch/journey/router.rb:33:in `serve'
actionpack (5.1.5) lib/action_dispatch/routing/route_set.rb:844:in `call'
rack (2.0.4) lib/rack/etag.rb:25:in `call'
rack (2.0.4) lib/rack/conditional_get.rb:38:in `call'
rack (2.0.4) lib/rack/head.rb:12:in `call'
rack (2.0.4) lib/rack/session/abstract/id.rb:232:in `context'
rack (2.0.4) lib/rack/session/abstract/id.rb:226:in `call'
actionpack (5.1.5) lib/action_dispatch/middleware/cookies.rb:613:in `call'
activerecord (5.1.5) lib/active_record/migration.rb:556:in `call'
actionpack (5.1.5) lib/action_dispatch/middleware/callbacks.rb:26:in `block in call'
activesupport (5.1.5) lib/active_support/callbacks.rb:97:in `run_callbacks'
actionpack (5.1.5) lib/action_dispatch/middleware/callbacks.rb:24:in `call'
actionpack (5.1.5) lib/action_dispatch/middleware/executor.rb:12:in `call'
actionpack (5.1.5) lib/action_dispatch/middleware/debug_exceptions.rb:59:in `call'
web-console (3.5.1) lib/web_console/middleware.rb:135:in `call_app'
web-console (3.5.1) lib/web_console/middleware.rb:28:in `block in call'
web-console (3.5.1) lib/web_console/middleware.rb:18:in `catch'
web-console (3.5.1) lib/web_console/middleware.rb:18:in `call'
actionpack (5.1.5) lib/action_dispatch/middleware/show_exceptions.rb:31:in `call'
railties (5.1.5) lib/rails/rack/logger.rb:36:in `call_app'
railties (5.1.5) lib/rails/rack/logger.rb:24:in `block in call'
activesupport (5.1.5) lib/active_support/tagged_logging.rb:69:in `block in tagged'
activesupport (5.1.5) lib/active_support/tagged_logging.rb:26:in `tagged'
activesupport (5.1.5) lib/active_support/tagged_logging.rb:69:in `tagged'
railties (5.1.5) lib/rails/rack/logger.rb:24:in `call'
sprockets-rails (3.2.1) lib/sprockets/rails/quiet_assets.rb:13:in `call'
actionpack (5.1.5) lib/action_dispatch/middleware/remote_ip.rb:79:in `call'
actionpack (5.1.5) lib/action_dispatch/middleware/request_id.rb:25:in `call'
rack (2.0.4) lib/rack/method_override.rb:22:in `call'
rack (2.0.4) lib/rack/runtime.rb:22:in `call'
activesupport (5.1.5) lib/active_support/cache/strategy/local_cache_middleware.rb:27:in `call'
actionpack (5.1.5) lib/action_dispatch/middleware/executor.rb:12:in `call'
actionpack (5.1.5) lib/action_dispatch/middleware/static.rb:125:in `call'
rack (2.0.4) lib/rack/sendfile.rb:111:in `call'
railties (5.1.5) lib/rails/engine.rb:522:in `call'
puma (3.11.3) lib/puma/configuration.rb:225:in `call'
puma (3.11.3) lib/puma/server.rb:624:in `handle_request'
puma (3.11.3) lib/puma/server.rb:438:in `process_client'
puma (3.11.3) lib/puma/server.rb:302:in `block in run'
puma (3.11.3) lib/puma/thread_pool.rb:120:in `block in spawn_thread'
Started GET "/" for 127.0.0.1 at 2018-03-15 09:17:23 +0000
  [1m[35m (2.1ms)[0m  [1m[34mSELECT "schema_migrations"."version" FROM "schema_migrations" ORDER BY "schema_migrations"."version" ASC[0m
Processing by ItemsController#index as HTML
  Rendering items/index.html.erb within layouts/application
  [1m[36mItem Load (1.5ms)[0m  [1m[34mSELECT "items".* FROM "items"[0m
  Rendered items/index.html.erb within layouts/application (9.2ms)
Completed 200 OK in 288ms (Views: 268.5ms | ActiveRecord: 5.6ms)


Started GET "/items/new" for 127.0.0.1 at 2018-03-15 09:17:25 +0000
Processing by ItemsController#new as HTML
  Rendering items/new.html.erb within layouts/application
  Rendered items/_form.html.erb (13.8ms)
  Rendered items/new.html.erb within layouts/application (19.5ms)
Completed 200 OK in 86ms (Views: 39.7ms | ActiveRecord: 17.0ms)


Started POST "/items" for 127.0.0.1 at 2018-03-15 09:17:30 +0000
Processing by ItemsController#create as HTML
  Parameters: {"utf8"=>"✓", "authenticity_token"=>"3ZqbfkeKo83WdqaJPS4XWuoBb4TtnJLt0ywpCddsCnH3uKnd9YkzSrlJjHLkUC9zWddbmOTO0faTIKWJFvPuZw==", "item"=>{"serial_num"=>"lhv", "description"=>"hv", "supplier"=>"phv", "status"=>"pihv", "lender"=>"piv"}, "commit"=>"Create Item"}
  Rendering items/index.html.erb within layouts/application
  Rendered items/index.html.erb within layouts/application (7.3ms)
Completed 500 Internal Server Error in 21ms (ActiveRecord: 0.0ms)


  
ActionView::Template::Error (undefined method `each' for nil:NilClass):
    21:                 </tr>
    22:             </thead>
    23:             <tbody>
    24:                 <%@item.each do |item|%> <!-- each item in the class of item grab the items-->
    25:                 <tr>
    26:                     <td><%=item.name%></td>
    27:                     <td><%=item.description%></td>
  
app/views/items/index.html.erb:24:in `_app_views_items_index_html_erb___2320910949831371523_70183270453340'
app/controllers/items_controller.rb:21:in `create'
Started POST "/items" for 127.0.0.1 at 2018-03-15 09:18:51 +0000
Processing by ItemsController#create as HTML
  Parameters: {"utf8"=>"✓", "authenticity_token"=>"3ZqbfkeKo83WdqaJPS4XWuoBb4TtnJLt0ywpCddsCnH3uKnd9YkzSrlJjHLkUC9zWddbmOTO0faTIKWJFvPuZw==", "item"=>{"serial_num"=>"lhv", "description"=>"hv", "supplier"=>"phv", "status"=>"pihv", "lender"=>"piv"}, "commit"=>"Create Item"}
  Rendering items/index.html.erb within layouts/application
  [1m[36mItem Load (0.4ms)[0m  [1m[34mSELECT "items".* FROM "items"[0m
  Rendered items/index.html.erb within layouts/application (2.3ms)
Completed 200 OK in 36ms (Views: 30.0ms | ActiveRecord: 0.4ms)


Started GET "/items/new" for 127.0.0.1 at 2018-03-15 09:19:10 +0000
Processing by ItemsController#new as HTML
  Rendering items/new.html.erb within layouts/application
  Rendered items/_form.html.erb (4.3ms)
  Rendered items/new.html.erb within layouts/application (7.7ms)
Completed 200 OK in 58ms (Views: 28.4ms | ActiveRecord: 14.1ms)


Started POST "/items" for 127.0.0.1 at 2018-03-15 09:19:14 +0000
Processing by ItemsController#create as HTML
  Parameters: {"utf8"=>"✓", "authenticity_token"=>"1QkOIz7lZdLkHpUAhhgP9YkWIGjqAz6ppnXQpu0OmDb/KzyAjOb1VYshv/tfZjfcOsAUdONRfbLmeVwmLJF8IA==", "item"=>{"serial_num"=>";j", "description"=>"ijpg", "supplier"=>"iug", "status"=>"piug", "lender"=>"piu"}, "commit"=>"Create Item"}
  Rendering items/index.html.erb within layouts/application
  [1m[36mItem Load (0.8ms)[0m  [1m[34mSELECT "items".* FROM "items"[0m
  Rendered items/index.html.erb within layouts/application (2.7ms)
Completed 200 OK in 45ms (Views: 43.3ms | ActiveRecord: 0.8ms)


Started GET "/" for 127.0.0.1 at 2018-03-15 09:23:16 +0000
Processing by ItemsController#index as HTML
  Rendering items/index.html.erb within layouts/application
  [1m[36mItem Load (0.4ms)[0m  [1m[34mSELECT "items".* FROM "items"[0m
  Rendered items/index.html.erb within layouts/application (2.6ms)
Completed 200 OK in 44ms (Views: 35.1ms | ActiveRecord: 0.4ms)


Started GET "/items/new" for 127.0.0.1 at 2018-03-15 09:23:17 +0000
Processing by ItemsController#new as HTML
  Rendering items/new.html.erb within layouts/application
  Rendered items/_form.html.erb (5.6ms)
  Rendered items/new.html.erb within layouts/application (11.4ms)
Completed 200 OK in 81ms (Views: 48.8ms | ActiveRecord: 6.1ms)


Started POST "/items" for 127.0.0.1 at 2018-03-15 09:23:22 +0000
Processing by ItemsController#create as HTML
  Parameters: {"utf8"=>"✓", "authenticity_token"=>"1FWHFX+HekSYBtIQYMo7ORf1MU3tmBvDuWnMpuBenmn+d7W2zYTqw/c5+Ou5tAMQpCMFUeTKWNj5ZUAmIcF6fw==", "item"=>{"serial_num"=>".gpihvp", "description"=>"pibo", "supplier"=>"boh", "status"=>"vou", "lender"=>"hvo"}, "commit"=>"Create Item"}
  [1m[35m (0.4ms)[0m  [1m[35mBEGIN[0m
  [1m[35mSQL (42.1ms)[0m  [1m[32mINSERT INTO "items" ("serial_num", "description", "supplier", "status", "lender", "created_at", "updated_at") VALUES ($1, $2, $3, $4, $5, $6, $7) RETURNING "id"[0m  [["serial_num", ".gpihvp"], ["description", "pibo"], ["supplier", "boh"], ["status", "vou"], ["lender", "hvo"], ["created_at", "2018-03-15 09:23:22.584362"], ["updated_at", "2018-03-15 09:23:22.584362"]]
  [1m[35m (19.5ms)[0m  [1m[35mCOMMIT[0m
Redirected to http://localhost:3000/
Completed 302 Found in 69ms (ActiveRecord: 62.0ms)


Started GET "/" for 127.0.0.1 at 2018-03-15 09:23:22 +0000
Processing by ItemsController#index as HTML
  Rendering items/index.html.erb within layouts/application
  [1m[36mItem Load (1.6ms)[0m  [1m[34mSELECT "items".* FROM "items"[0m
  Rendered items/index.html.erb within layouts/application (24.7ms)
Completed 500 Internal Server Error in 42ms (ActiveRecord: 1.6ms)


  
ActionView::Template::Error (undefined method `name' for #<Item:0x007fa9a1eab8f0>):
    23:             <tbody>
    24:                 <%@item.each do |item|%> <!-- each item in the class of item grab the items-->
    25:                 <tr>
    26:                     <td><%=item.name%></td>
    27:                     <td><%=item.description%></td>
    28:                     <td><%=item.suppiler%></td>
    29:                     <td><%=item.status%></td>
  
app/views/items/index.html.erb:26:in `block in _app_views_items_index_html_erb___2320910949831371523_70183271404060'
app/views/items/index.html.erb:24:in `_app_views_items_index_html_erb___2320910949831371523_70183271404060'
app/controllers/items_controller.rb:6:in `index'
Started GET "/" for 127.0.0.1 at 2018-03-15 09:23:53 +0000
Processing by ItemsController#index as HTML
  Rendering items/index.html.erb within layouts/application
  [1m[36mItem Load (0.6ms)[0m  [1m[34mSELECT "items".* FROM "items"[0m
  Rendered items/index.html.erb within layouts/application (11.9ms)
Completed 500 Internal Server Error in 20ms (ActiveRecord: 0.6ms)


  
ActionView::Template::Error (undefined method `suppiler' for #<Item:0x007fa99fd97100>
Did you mean?  supplier):
    25:                 <tr>
    26:                     <td><%=item.serial_num%></td>
    27:                     <td><%=item.description%></td>
    28:                     <td><%=item.suppiler%></td>
    29:                     <td><%=item.status%></td>
    30:                     <td><%=item.lender%></td>
    31:                 </tr>
  
app/views/items/index.html.erb:28:in `block in _app_views_items_index_html_erb___2320910949831371523_70183254111500'
app/views/items/index.html.erb:24:in `_app_views_items_index_html_erb___2320910949831371523_70183254111500'
app/controllers/items_controller.rb:6:in `index'
Started GET "/" for 127.0.0.1 at 2018-03-15 09:24:01 +0000
Processing by ItemsController#index as HTML
  Rendering items/index.html.erb within layouts/application
  [1m[36mItem Load (0.4ms)[0m  [1m[34mSELECT "items".* FROM "items"[0m
  Rendered items/index.html.erb within layouts/application (2.1ms)
Completed 200 OK in 27ms (Views: 25.6ms | ActiveRecord: 0.4ms)


